<persistence xmlns="http://java.sun.com/xml/ns/persistence"
	version="1.0">
	<persistence-unit name="portalPU-test" transaction-type="RESOURCE_LOCAL">
		<provider>org.hibernate.ejb.HibernatePersistence</provider>

		<class>br.com.portal.api.entidades.Ec</class>
		<class>br.com.portal.api.entidades.Usuario</class>
		<class>br.com.portal.api.entidades.Pais</class>

		<properties>
			<property name="hibernate.dialect" value="org.hibernate.dialect.H2Dialect" />
			<property name="hibernate.hbm2ddl.auto" value="create-drop" />
			<property name="hibernate.show_sql" value="true" />
		</properties>
	</persistence-unit>
</persistence>